# JRE version: OpenJDK Runtime Environment (8.0_202-b03) (build 1.8.0_202-release-1483-b03)
# Java VM: OpenJDK 64-Bit Server VM (25.202-b03 mixed mode windows-amd64 compressed oops)
Heap:
 PSYoungGen      total 380928K, used 364163K [0x00000000e0000000, 0x00000000fa780000, 0x0000000100000000)
  eden space 347136K, 95% used [0x00000000e0000000,0x00000000f4581558,0x00000000f5300000)
  from space 33792K, 91% used [0x00000000f7780000,0x00000000f95d96e8,0x00000000f9880000)
  to   space 37376K, 0% used [0x00000000f5300000,0x00000000f5300000,0x00000000f7780000)
 ParOldGen       total 221184K, used 61184K [0x00000000a0000000, 0x00000000ad800000, 0x00000000e0000000)
  object space 221184K, 27% used [0x00000000a0000000,0x00000000a3bc0338,0x00000000ad800000)
 Metaspace       used 116427K, capacity 122442K, committed 122560K, reserved 1155072K
  class space    used 14922K, capacity 16083K, committed 16088K, reserved 1048576K
GC Heap History (10 events):
Event: 295.541 GC heap before
{Heap before GC invocations=20 (full 4):
 PSYoungGen      total 286720K, used 251392K [0x00000000e0000000, 0x00000000f6880000, 0x0000000100000000)
  eden space 251392K, 100% used [0x00000000e0000000,0x00000000ef580000,0x00000000ef580000)
  from space 35328K, 0% used [0x00000000ef580000,0x00000000ef580000,0x00000000f1800000)
  to   space 34816K, 0% used [0x00000000f4680000,0x00000000f4680000,0x00000000f6880000)
 ParOldGen       total 221184K, used 61136K [0x00000000a0000000, 0x00000000ad800000, 0x00000000e0000000)
  object space 221184K, 27% used [0x00000000a0000000,0x00000000a3bb4338,0x00000000ad800000)
 Metaspace       used 98530K, capacity 103062K, committed 103232K, reserved 1138688K
  class space    used 12663K, capacity 13579K, committed 13656K, reserved 1048576K
Event: 295.555 GC heap after
Heap after GC invocations=20 (full 4):
 PSYoungGen      total 330240K, used 12732K [0x00000000e0000000, 0x00000000f6500000, 0x0000000100000000)
  eden space 299008K, 0% used [0x00000000e0000000,0x00000000e0000000,0x00000000f2400000)
  from space 31232K, 40% used [0x00000000f4680000,0x00000000f52ef098,0x00000000f6500000)
  to   space 33280K, 0% used [0x00000000f2400000,0x00000000f2400000,0x00000000f4480000)
 ParOldGen       total 221184K, used 61144K [0x00000000a0000000, 0x00000000ad800000, 0x00000000e0000000)
  object space 221184K, 27% used [0x00000000a0000000,0x00000000a3bb6338,0x00000000ad800000)
 Metaspace       used 98530K, capacity 103062K, committed 103232K, reserved 1138688K
  class space    used 12663K, capacity 13579K, committed 13656K, reserved 1048576K
}
Event: 313.654 GC heap before
{Heap before GC invocations=21 (full 4):
 PSYoungGen      total 330240K, used 311740K [0x00000000e0000000, 0x00000000f6500000, 0x0000000100000000)
  eden space 299008K, 100% used [0x00000000e0000000,0x00000000f2400000,0x00000000f2400000)
  from space 31232K, 40% used [0x00000000f4680000,0x00000000f52ef098,0x00000000f6500000)
  to   space 33280K, 0% used [0x00000000f2400000,0x00000000f2400000,0x00000000f4480000)
 ParOldGen       total 221184K, used 61144K [0x00000000a0000000, 0x00000000ad800000, 0x00000000e0000000)
  object space 221184K, 27% used [0x00000000a0000000,0x00000000a3bb6338,0x00000000ad800000)
 Metaspace       used 98972K, capacity 103536K, committed 103744K, reserved 1138688K
  class space    used 12679K, capacity 13582K, committed 13656K, reserved 1048576K
Event: 313.671 GC heap after
Heap after GC invocations=21 (full 4):
 PSYoungGen      total 332288K, used 12980K [0x00000000e0000000, 0x00000000f8080000, 0x0000000100000000)
  eden space 299008K, 0% used [0x00000000e0000000,0x00000000e0000000,0x00000000f2400000)
  from space 33280K, 39% used [0x00000000f2400000,0x00000000f30ad2a0,0x00000000f4480000)
  to   space 31744K, 0% used [0x00000000f6180000,0x00000000f6180000,0x00000000f8080000)
 ParOldGen       total 221184K, used 61152K [0x00000000a0000000, 0x00000000ad800000, 0x00000000e0000000)
  object space 221184K, 27% used [0x00000000a0000000,0x00000000a3bb8338,0x00000000ad800000)
 Metaspace       used 98972K, capacity 103536K, committed 103744K, reserved 1138688K
  class space    used 12679K, capacity 13582K, committed 13656K, reserved 1048576K
}
Event: 392.275 GC heap before
{Heap before GC invocations=22 (full 4):
 PSYoungGen      total 332288K, used 311988K [0x00000000e0000000, 0x00000000f8080000, 0x0000000100000000)
  eden space 299008K, 100% used [0x00000000e0000000,0x00000000f2400000,0x00000000f2400000)
  from space 33280K, 39% used [0x00000000f2400000,0x00000000f30ad2a0,0x00000000f4480000)
  to   space 31744K, 0% used [0x00000000f6180000,0x00000000f6180000,0x00000000f8080000)
 ParOldGen       total 221184K, used 61152K [0x00000000a0000000, 0x00000000ad800000, 0x00000000e0000000)
  object space 221184K, 27% used [0x00000000a0000000,0x00000000a3bb8338,0x00000000ad800000)
 Metaspace       used 101023K, capacity 105806K, committed 106048K, reserved 1140736K
  class space    used 12886K, capacity 13821K, committed 13912K, reserved 1048576K
Event: 392.319 GC heap after
Heap after GC invocations=22 (full 4):
 PSYoungGen      total 356352K, used 29290K [0x00000000e0000000, 0x00000000f8200000, 0x0000000100000000)
  eden space 324608K, 0% used [0x00000000e0000000,0x00000000e0000000,0x00000000f3d00000)
  from space 31744K, 92% used [0x00000000f6180000,0x00000000f7e1a860,0x00000000f8080000)
  to   space 35328K, 0% used [0x00000000f3d00000,0x00000000f3d00000,0x00000000f5f80000)
 ParOldGen       total 221184K, used 61160K [0x00000000a0000000, 0x00000000ad800000, 0x00000000e0000000)
  object space 221184K, 27% used [0x00000000a0000000,0x00000000a3bba338,0x00000000ad800000)
 Metaspace       used 101023K, capacity 105806K, committed 106048K, reserved 1140736K
  class space    used 12886K, capacity 13821K, committed 13912K, reserved 1048576K
}
Event: 397.576 GC heap before
{Heap before GC invocations=23 (full 4):
 PSYoungGen      total 356352K, used 353898K [0x00000000e0000000, 0x00000000f8200000, 0x0000000100000000)
  eden space 324608K, 100% used [0x00000000e0000000,0x00000000f3d00000,0x00000000f3d00000)
  from space 31744K, 92% used [0x00000000f6180000,0x00000000f7e1a860,0x00000000f8080000)
  to   space 35328K, 0% used [0x00000000f3d00000,0x00000000f3d00000,0x00000000f5f80000)
 ParOldGen       total 221184K, used 61160K [0x00000000a0000000, 0x00000000ad800000, 0x00000000e0000000)
  object space 221184K, 27% used [0x00000000a0000000,0x00000000a3bba338,0x00000000ad800000)
 Metaspace       used 101971K, capacity 106802K, committed 106944K, reserved 1142784K
  class space    used 12978K, capacity 13939K, committed 14040K, reserved 1048576K
Event: 397.599 GC heap after
Heap after GC invocations=23 (full 4):
 PSYoungGen      total 359936K, used 15769K [0x00000000e0000000, 0x00000000f9880000, 0x0000000100000000)
  eden space 324608K, 0% used [0x00000000e0000000,0x00000000e0000000,0x00000000f3d00000)
  from space 35328K, 44% used [0x00000000f3d00000,0x00000000f4c664c8,0x00000000f5f80000)
  to   space 33792K, 0% used [0x00000000f7780000,0x00000000f7780000,0x00000000f9880000)
 ParOldGen       total 221184K, used 61168K [0x00000000a0000000, 0x00000000ad800000, 0x00000000e0000000)
  object space 221184K, 27% used [0x00000000a0000000,0x00000000a3bbc338,0x00000000ad800000)
 Metaspace       used 101971K, capacity 106802K, committed 106944K, reserved 1142784K
  class space    used 12978K, capacity 13939K, committed 14040K, reserved 1048576K
}
Event: 401.647 GC heap before
{Heap before GC invocations=24 (full 4):
 PSYoungGen      total 359936K, used 340377K [0x00000000e0000000, 0x00000000f9880000, 0x0000000100000000)
  eden space 324608K, 100% used [0x00000000e0000000,0x00000000f3d00000,0x00000000f3d00000)
  from space 35328K, 44% used [0x00000000f3d00000,0x00000000f4c664c8,0x00000000f5f80000)
  to   space 33792K, 0% used [0x00000000f7780000,0x00000000f7780000,0x00000000f9880000)
 ParOldGen       total 221184K, used 61168K [0x00000000a0000000, 0x00000000ad800000, 0x00000000e0000000)
  object space 221184K, 27% used [0x00000000a0000000,0x00000000a3bbc338,0x00000000ad800000)
 Metaspace       used 110469K, capacity 115766K, committed 116032K, reserved 1150976K
  class space    used 14032K, capacity 15069K, committed 15192K, reserved 1048576K
Event: 401.714 GC heap after
Heap after GC invocations=24 (full 4):
 PSYoungGen      total 380928K, used 31077K [0x00000000e0000000, 0x00000000fa780000, 0x0000000100000000)
  eden space 347136K, 0% used [0x00000000e0000000,0x00000000e0000000,0x00000000f5300000)
  from space 33792K, 91% used [0x00000000f7780000,0x00000000f95d96e8,0x00000000f9880000)
  to   space 37376K, 0% used [0x00000000f5300000,0x00000000f5300000,0x00000000f7780000)
 ParOldGen       total 221184K, used 61184K [0x00000000a0000000, 0x00000000ad800000, 0x00000000e0000000)
  object space 221184K, 27% used [0x00000000a0000000,0x00000000a3bc0338,0x00000000ad800000)
 Metaspace       used 110469K, capacity 115766K, committed 116032K, reserved 1150976K
  class space    used 14032K, capacity 15069K, committed 15192K, reserved 1048576K
}

